<?xml version="1.0" encoding="UTF-8"?>
<testsuite xmlns:xsi="http://www.w3.org/2001/XMLSchema-instance" xsi:noNamespaceSchemaLocation="https://maven.apache.org/surefire/maven-surefire-plugin/xsd/surefire-test-report.xsd" name="TestSuite" time="13.211" tests="2" errors="0" skipped="0" failures="0">
  <properties>
    <property name="java.specification.version" value="16"/>
    <property name="sun.jnu.encoding" value="UTF-8"/>
    <property name="java.class.path" value="/Users/Evgenii_Stepanov2/InstaTest/target/test-classes:/Users/Evgenii_Stepanov2/InstaTest/target/classes:/Users/Evgenii_Stepanov2/.m2/repository/org/projectlombok/lombok/1.18.20/lombok-1.18.20.jar:/Users/Evgenii_Stepanov2/.m2/repository/org/seleniumhq/selenium/selenium-java/3.141.59/selenium-java-3.141.59.jar:/Users/Evgenii_Stepanov2/.m2/repository/org/seleniumhq/selenium/selenium-api/3.141.59/selenium-api-3.141.59.jar:/Users/Evgenii_Stepanov2/.m2/repository/org/seleniumhq/selenium/selenium-chrome-driver/3.141.59/selenium-chrome-driver-3.141.59.jar:/Users/Evgenii_Stepanov2/.m2/repository/org/seleniumhq/selenium/selenium-edge-driver/3.141.59/selenium-edge-driver-3.141.59.jar:/Users/Evgenii_Stepanov2/.m2/repository/org/seleniumhq/selenium/selenium-firefox-driver/3.141.59/selenium-firefox-driver-3.141.59.jar:/Users/Evgenii_Stepanov2/.m2/repository/org/seleniumhq/selenium/selenium-ie-driver/3.141.59/selenium-ie-driver-3.141.59.jar:/Users/Evgenii_Stepanov2/.m2/repository/org/seleniumhq/selenium/selenium-opera-driver/3.141.59/selenium-opera-driver-3.141.59.jar:/Users/Evgenii_Stepanov2/.m2/repository/org/seleniumhq/selenium/selenium-remote-driver/3.141.59/selenium-remote-driver-3.141.59.jar:/Users/Evgenii_Stepanov2/.m2/repository/org/seleniumhq/selenium/selenium-safari-driver/3.141.59/selenium-safari-driver-3.141.59.jar:/Users/Evgenii_Stepanov2/.m2/repository/org/seleniumhq/selenium/selenium-support/3.141.59/selenium-support-3.141.59.jar:/Users/Evgenii_Stepanov2/.m2/repository/net/bytebuddy/byte-buddy/1.8.15/byte-buddy-1.8.15.jar:/Users/Evgenii_Stepanov2/.m2/repository/org/apache/commons/commons-exec/1.3/commons-exec-1.3.jar:/Users/Evgenii_Stepanov2/.m2/repository/com/google/guava/guava/25.0-jre/guava-25.0-jre.jar:/Users/Evgenii_Stepanov2/.m2/repository/com/google/code/findbugs/jsr305/1.3.9/jsr305-1.3.9.jar:/Users/Evgenii_Stepanov2/.m2/repository/org/checkerframework/checker-compat-qual/2.0.0/checker-compat-qual-2.0.0.jar:/Users/Evgenii_Stepanov2/.m2/repository/com/google/errorprone/error_prone_annotations/2.1.3/error_prone_annotations-2.1.3.jar:/Users/Evgenii_Stepanov2/.m2/repository/com/google/j2objc/j2objc-annotations/1.1/j2objc-annotations-1.1.jar:/Users/Evgenii_Stepanov2/.m2/repository/org/codehaus/mojo/animal-sniffer-annotations/1.14/animal-sniffer-annotations-1.14.jar:/Users/Evgenii_Stepanov2/.m2/repository/com/squareup/okhttp3/okhttp/3.11.0/okhttp-3.11.0.jar:/Users/Evgenii_Stepanov2/.m2/repository/com/squareup/okio/okio/1.14.0/okio-1.14.0.jar:/Users/Evgenii_Stepanov2/.m2/repository/io/github/bonigarcia/webdrivermanager/4.4.3/webdrivermanager-4.4.3.jar:/Users/Evgenii_Stepanov2/.m2/repository/org/slf4j/slf4j-api/1.7.30/slf4j-api-1.7.30.jar:/Users/Evgenii_Stepanov2/.m2/repository/commons-io/commons-io/2.8.0/commons-io-2.8.0.jar:/Users/Evgenii_Stepanov2/.m2/repository/com/google/code/gson/gson/2.8.6/gson-2.8.6.jar:/Users/Evgenii_Stepanov2/.m2/repository/org/apache/commons/commons-lang3/3.12.0/commons-lang3-3.12.0.jar:/Users/Evgenii_Stepanov2/.m2/repository/org/apache/httpcomponents/client5/httpclient5/5.0.3/httpclient5-5.0.3.jar:/Users/Evgenii_Stepanov2/.m2/repository/org/apache/httpcomponents/core5/httpcore5/5.0.2/httpcore5-5.0.2.jar:/Users/Evgenii_Stepanov2/.m2/repository/org/apache/httpcomponents/core5/httpcore5-h2/5.0.2/httpcore5-h2-5.0.2.jar:/Users/Evgenii_Stepanov2/.m2/repository/commons-codec/commons-codec/1.13/commons-codec-1.13.jar:/Users/Evgenii_Stepanov2/.m2/repository/org/rauschig/jarchivelib/1.1.0/jarchivelib-1.1.0.jar:/Users/Evgenii_Stepanov2/.m2/repository/org/jsoup/jsoup/1.13.1/jsoup-1.13.1.jar:/Users/Evgenii_Stepanov2/.m2/repository/org/testng/testng/7.4.0/testng-7.4.0.jar:/Users/Evgenii_Stepanov2/.m2/repository/com/beust/jcommander/1.78/jcommander-1.78.jar:/Users/Evgenii_Stepanov2/.m2/repository/org/webjars/jquery/3.5.1/jquery-3.5.1.jar:/Users/Evgenii_Stepanov2/.m2/repository/junit/junit/4.13.2/junit-4.13.2.jar:/Users/Evgenii_Stepanov2/.m2/repository/org/hamcrest/hamcrest-core/1.3/hamcrest-core-1.3.jar:/Users/Evgenii_Stepanov2/.m2/repository/com/codeborne/selenide/5.25.0/selenide-5.25.0.jar:/Users/Evgenii_Stepanov2/.m2/repository/org/opentest4j/opentest4j/1.2.0/opentest4j-1.2.0.jar:/Users/Evgenii_Stepanov2/.m2/repository/commons-lang/commons-lang/2.6/commons-lang-2.6.jar:/Users/Evgenii_Stepanov2/.m2/repository/org/apache/commons/commons-compress/1.21/commons-compress-1.21.jar:"/>
    <property name="java.vm.vendor" value="Homebrew"/>
    <property name="sun.arch.data.model" value="64"/>
    <property name="java.vendor.url" value="https://github.com/Homebrew/homebrew-core/issues"/>
    <property name="os.name" value="Mac OS X"/>
    <property name="java.vm.specification.version" value="16"/>
    <property name="sun.java.launcher" value="SUN_STANDARD"/>
    <property name="user.country" value="RU"/>
    <property name="sun.boot.library.path" value="/usr/local/Cellar/openjdk/16.0.2/libexec/openjdk.jdk/Contents/Home/lib"/>
    <property name="sun.java.command" value="/Users/Evgenii_Stepanov2/InstaTest/target/surefire/surefirebooter6138710738127459776.jar /Users/Evgenii_Stepanov2/InstaTest/target/surefire 2021-10-17T10-58-55_681-jvmRun1 surefire3840758540035983263tmp surefire_0905720379478659291tmp"/>
    <property name="jdk.debug" value="release"/>
    <property name="surefire.test.class.path" value="/Users/Evgenii_Stepanov2/InstaTest/target/test-classes:/Users/Evgenii_Stepanov2/InstaTest/target/classes:/Users/Evgenii_Stepanov2/.m2/repository/org/projectlombok/lombok/1.18.20/lombok-1.18.20.jar:/Users/Evgenii_Stepanov2/.m2/repository/org/seleniumhq/selenium/selenium-java/3.141.59/selenium-java-3.141.59.jar:/Users/Evgenii_Stepanov2/.m2/repository/org/seleniumhq/selenium/selenium-api/3.141.59/selenium-api-3.141.59.jar:/Users/Evgenii_Stepanov2/.m2/repository/org/seleniumhq/selenium/selenium-chrome-driver/3.141.59/selenium-chrome-driver-3.141.59.jar:/Users/Evgenii_Stepanov2/.m2/repository/org/seleniumhq/selenium/selenium-edge-driver/3.141.59/selenium-edge-driver-3.141.59.jar:/Users/Evgenii_Stepanov2/.m2/repository/org/seleniumhq/selenium/selenium-firefox-driver/3.141.59/selenium-firefox-driver-3.141.59.jar:/Users/Evgenii_Stepanov2/.m2/repository/org/seleniumhq/selenium/selenium-ie-driver/3.141.59/selenium-ie-driver-3.141.59.jar:/Users/Evgenii_Stepanov2/.m2/repository/org/seleniumhq/selenium/selenium-opera-driver/3.141.59/selenium-opera-driver-3.141.59.jar:/Users/Evgenii_Stepanov2/.m2/repository/org/seleniumhq/selenium/selenium-remote-driver/3.141.59/selenium-remote-driver-3.141.59.jar:/Users/Evgenii_Stepanov2/.m2/repository/org/seleniumhq/selenium/selenium-safari-driver/3.141.59/selenium-safari-driver-3.141.59.jar:/Users/Evgenii_Stepanov2/.m2/repository/org/seleniumhq/selenium/selenium-support/3.141.59/selenium-support-3.141.59.jar:/Users/Evgenii_Stepanov2/.m2/repository/net/bytebuddy/byte-buddy/1.8.15/byte-buddy-1.8.15.jar:/Users/Evgenii_Stepanov2/.m2/repository/org/apache/commons/commons-exec/1.3/commons-exec-1.3.jar:/Users/Evgenii_Stepanov2/.m2/repository/com/google/guava/guava/25.0-jre/guava-25.0-jre.jar:/Users/Evgenii_Stepanov2/.m2/repository/com/google/code/findbugs/jsr305/1.3.9/jsr305-1.3.9.jar:/Users/Evgenii_Stepanov2/.m2/repository/org/checkerframework/checker-compat-qual/2.0.0/checker-compat-qual-2.0.0.jar:/Users/Evgenii_Stepanov2/.m2/repository/com/google/errorprone/error_prone_annotations/2.1.3/error_prone_annotations-2.1.3.jar:/Users/Evgenii_Stepanov2/.m2/repository/com/google/j2objc/j2objc-annotations/1.1/j2objc-annotations-1.1.jar:/Users/Evgenii_Stepanov2/.m2/repository/org/codehaus/mojo/animal-sniffer-annotations/1.14/animal-sniffer-annotations-1.14.jar:/Users/Evgenii_Stepanov2/.m2/repository/com/squareup/okhttp3/okhttp/3.11.0/okhttp-3.11.0.jar:/Users/Evgenii_Stepanov2/.m2/repository/com/squareup/okio/okio/1.14.0/okio-1.14.0.jar:/Users/Evgenii_Stepanov2/.m2/repository/io/github/bonigarcia/webdrivermanager/4.4.3/webdrivermanager-4.4.3.jar:/Users/Evgenii_Stepanov2/.m2/repository/org/slf4j/slf4j-api/1.7.30/slf4j-api-1.7.30.jar:/Users/Evgenii_Stepanov2/.m2/repository/commons-io/commons-io/2.8.0/commons-io-2.8.0.jar:/Users/Evgenii_Stepanov2/.m2/repository/com/google/code/gson/gson/2.8.6/gson-2.8.6.jar:/Users/Evgenii_Stepanov2/.m2/repository/org/apache/commons/commons-lang3/3.12.0/commons-lang3-3.12.0.jar:/Users/Evgenii_Stepanov2/.m2/repository/org/apache/httpcomponents/client5/httpclient5/5.0.3/httpclient5-5.0.3.jar:/Users/Evgenii_Stepanov2/.m2/repository/org/apache/httpcomponents/core5/httpcore5/5.0.2/httpcore5-5.0.2.jar:/Users/Evgenii_Stepanov2/.m2/repository/org/apache/httpcomponents/core5/httpcore5-h2/5.0.2/httpcore5-h2-5.0.2.jar:/Users/Evgenii_Stepanov2/.m2/repository/commons-codec/commons-codec/1.13/commons-codec-1.13.jar:/Users/Evgenii_Stepanov2/.m2/repository/org/rauschig/jarchivelib/1.1.0/jarchivelib-1.1.0.jar:/Users/Evgenii_Stepanov2/.m2/repository/org/jsoup/jsoup/1.13.1/jsoup-1.13.1.jar:/Users/Evgenii_Stepanov2/.m2/repository/org/testng/testng/7.4.0/testng-7.4.0.jar:/Users/Evgenii_Stepanov2/.m2/repository/com/beust/jcommander/1.78/jcommander-1.78.jar:/Users/Evgenii_Stepanov2/.m2/repository/org/webjars/jquery/3.5.1/jquery-3.5.1.jar:/Users/Evgenii_Stepanov2/.m2/repository/junit/junit/4.13.2/junit-4.13.2.jar:/Users/Evgenii_Stepanov2/.m2/repository/org/hamcrest/hamcrest-core/1.3/hamcrest-core-1.3.jar:/Users/Evgenii_Stepanov2/.m2/repository/com/codeborne/selenide/5.25.0/selenide-5.25.0.jar:/Users/Evgenii_Stepanov2/.m2/repository/org/opentest4j/opentest4j/1.2.0/opentest4j-1.2.0.jar:/Users/Evgenii_Stepanov2/.m2/repository/commons-lang/commons-lang/2.6/commons-lang-2.6.jar:/Users/Evgenii_Stepanov2/.m2/repository/org/apache/commons/commons-compress/1.21/commons-compress-1.21.jar:"/>
    <property name="sun.cpu.endian" value="little"/>
    <property name="user.home" value="/Users/Evgenii_Stepanov2"/>
    <property name="user.language" value="en"/>
    <property name="java.specification.vendor" value="Oracle Corporation"/>
    <property name="java.version.date" value="2021-07-20"/>
    <property name="java.home" value="/usr/local/Cellar/openjdk/16.0.2/libexec/openjdk.jdk/Contents/Home"/>
    <property name="file.separator" value="/"/>
    <property name="basedir" value="/Users/Evgenii_Stepanov2/InstaTest"/>
    <property name="java.vm.compressedOopsMode" value="Zero based"/>
    <property name="line.separator" value="&#10;"/>
    <property name="java.vm.specification.vendor" value="Oracle Corporation"/>
    <property name="java.specification.name" value="Java Platform API Specification"/>
    <property name="surefire.real.class.path" value="/Users/Evgenii_Stepanov2/InstaTest/target/surefire/surefirebooter6138710738127459776.jar"/>
    <property name="sun.management.compiler" value="HotSpot 64-Bit Tiered Compilers"/>
    <property name="java.runtime.version" value="16.0.2+0"/>
    <property name="user.name" value="Evgenii_Stepanov2"/>
    <property name="path.separator" value=":"/>
    <property name="os.version" value="11.5.2"/>
    <property name="java.runtime.name" value="OpenJDK Runtime Environment"/>
    <property name="file.encoding" value="UTF-8"/>
    <property name="java.vm.name" value="OpenJDK 64-Bit Server VM"/>
    <property name="java.vendor.version" value="Homebrew"/>
    <property name="localRepository" value="/Users/Evgenii_Stepanov2/.m2/repository"/>
    <property name="java.vendor.url.bug" value="https://github.com/Homebrew/homebrew-core/issues"/>
    <property name="java.io.tmpdir" value="/var/folders/78/_8pcg7j52p373jw87g81qvcm0000gp/T/"/>
    <property name="java.version" value="16.0.2"/>
    <property name="user.dir" value="/Users/Evgenii_Stepanov2/InstaTest"/>
    <property name="os.arch" value="x86_64"/>
    <property name="java.vm.specification.name" value="Java Virtual Machine Specification"/>
    <property name="java.library.path" value="/Users/Evgenii_Stepanov2/Library/Java/Extensions:/Library/Java/Extensions:/Network/Library/Java/Extensions:/System/Library/Java/Extensions:/usr/lib/java:."/>
    <property name="java.vm.info" value="mixed mode, sharing"/>
    <property name="java.vendor" value="Homebrew"/>
    <property name="java.vm.version" value="16.0.2+0"/>
    <property name="sun.io.unicode.encoding" value="UnicodeBig"/>
    <property name="java.class.version" value="60.0"/>
  </properties>
  <testcase name="googleTest" classname="SelenideFirstTest" time="7.176"/>
  <testcase name="userCanLoginByUsername" classname="SelenideFirstTest" time="5.759"/>
</testsuite>