<?xml version="1.0" encoding="UTF-8"?>
<!-- Generated by org.testng.reporters.JUnitReportReporter -->
<testsuite hostname="EPRUPETW0E2F" failures="0" tests="2" name="SelenideFirstTest" time="12.934" errors="0" timestamp="2021-10-17T10:59:09 MSK" skipped="0">
  <testcase classname="SelenideFirstTest" name="googleTest" time="7.175"/>
  <system-out/>
  <testcase classname="SelenideFirstTest" name="userCanLoginByUsername" time="5.759"/>
  <system-out/>
</testsuite> <!-- SelenideFirstTest -->
