<?xml version="1.0" encoding="UTF-8"?>
<!-- Generated by org.testng.reporters.JUnitReportReporter -->
<testsuite hostname="EPRUPETW0E2F" failures="0" tests="2" name="SelenideFirstTest" time="11.269" errors="0" timestamp="2021-10-20T20:55:23 MSK" skipped="0">
  <testcase classname="SelenideFirstTest" name="googleTest" time="5.452"/>
  <system-out/>
  <testcase classname="SelenideFirstTest" name="userCanLoginByUsername" time="5.817"/>
  <system-out/>
</testsuite> <!-- SelenideFirstTest -->
